===== DATABASE VM STATUS =====
Wed Apr 22 01:15:42 PM EDT 2026

HOSTNAME:
speedbuydatabase-VMware-Virtual-Platform

IP ADDRESS:
192.168.165.139 

UPTIME:
 13:15:42 up 11 min,  1 user,  load average: 0.00, 0.21, 0.26

MEMORY:
               total        used        free      shared  buff/cache   available
Mem:           3.8Gi       1.3Gi       526Mi        33Mi       2.2Gi       2.5Gi
Swap:          3.6Gi          0B       3.6Gi

DISK:
Filesystem      Size  Used Avail Use% Mounted on
tmpfs           387M  2.0M  385M   1% /run
/dev/sda2        20G   13G  5.6G  70% /
tmpfs           1.9G     0  1.9G   0% /dev/shm
tmpfs           5.0M  8.0K  5.0M   1% /run/lock
tmpfs           387M  116K  387M   1% /run/user/1000
/dev/sr0         94M   94M     0 100% /media/speedbuydatabase/CDROM
/dev/sr1        6.0G  6.0G     0 100% /media/speedbuydatabase/Ubuntu 24.04.3 LTS amd64

TOP PROCESSES:
USER         PID %CPU %MEM    VSZ   RSS TTY      STAT START   TIME COMMAND
speedbu+    1789  4.0  6.8 3860100 273040 ?      Ssl  13:04   0:27 /usr/bin/gnome-shell
mongodb     1531  2.7  4.6 3729812 185548 ?      Ssl  13:04   0:18 /usr/bin/mongod --config /etc/mongod.conf
speedbu+    2422  0.1  2.4 282672 97064 ?        S    13:05   0:01 /usr/bin/Xwayland :0 -rootless -noreset -accessx -core -auth /run/user/1000/.mutter-Xwaylandauth.R5NFO3 -listenfd 4 -listenfd 5 -displayfd 6 -initfd 7 -byteswappedclients
speedbu+    2657  0.0  2.3 739652 91944 ?        Sl   13:05   0:00 /usr/libexec/mutter-x11-frames
speedbu+    2576  0.0  2.1 658808 84760 ?        Ssl  13:05   0:00 /usr/libexec/gsd-xsettings
speedbu+    2135  0.1  1.6 826340 64328 ?        Sl   13:05   0:01 /usr/libexec/evolution-data-server/evolution-alarm-notify
speedbu+    2610  0.1  1.5 3146380 62636 ?       Sl   13:05   0:00 gjs /usr/share/gnome-shell/extensions/ding@rastersoft.com/app/ding.js -E -P /usr/share/gnome-shell/extensions/ding@rastersoft.com/app
speedbu+    2792  0.3  1.4 699560 57796 ?        Ssl  13:07   0:01 /usr/libexec/gnome-terminal-server
root        1505  1.4  1.3 1095112 52708 ?       Ssl  13:04   0:09 /usr/bin/python3 /usr/bin/fail2ban-server -xf start

MONGODB STATUS:
● mongod.service - MongoDB Database Server
     Loaded: loaded (/usr/lib/systemd/system/mongod.service; enabled; preset: enabled)
     Active: active (running) since Wed 2026-04-22 13:04:34 EDT; 11min ago
       Docs: https://docs.mongodb.org/manual
   Main PID: 1531 (mongod)
     Memory: 338.3M (peak: 419.2M)
        CPU: 18.144s
     CGroup: /system.slice/mongod.service
             └─1531 /usr/bin/mongod --config /etc/mongod.conf

Apr 22 13:04:34 speedbuydatabase-VMware-Virtual-Platform systemd[1]: Started mongod.service - MongoDB Database Server.
Apr 22 13:04:36 speedbuydatabase-VMware-Virtual-Platform mongod[1531]: {"t":{"$date":"2026-04-22T17:04:36.879Z"},"s":"I",  "c":"CONTROL",  "id":7484500, "ctx":"main","msg":"Environment variable MONGODB_CONFIG_OVERRIDE_NOFORK == 1, overriding \"processManagement.fork\" to false"}

PORT 27017 CHECK:
tcp   LISTEN 0      4096         127.0.0.1:27017      0.0.0.0:*          
tcp   LISTEN 0      4096   192.168.165.139:27017      0.0.0.0:*          

RECENT LOGINS:
speedbuy tty2         tty2             Wed Apr 22 13:04   still logged in
speedbuy seat0        login screen     Wed Apr 22 13:04   still logged in
reboot   system boot  6.17.0-22-generi Wed Apr 22 13:04   still running
speedbuy pts/1        192.168.165.138  Wed Apr 22 12:50 - 13:00  (00:10)
speedbuy tty2         tty2             Wed Apr 22 11:37 - down   (01:26)

wtmp begins Sat Apr  4 20:39:02 2026

FAILED LOGIN ATTEMPTS:
2026-04-22T12:11:16.346986-04:00 speedbuydatabase-VMware-Virtual-Platform sudo: speedbuydatabase : TTY=pts/0 ; PWD=/home/speedbuydatabase ; USER=root ; COMMAND=/usr/bin/grep 'Failed password' /var/log/auth.log
2026-04-22T12:47:56.514081-04:00 speedbuydatabase-VMware-Virtual-Platform sshd[18706]: Failed password for invalid user speedbuy-database from 192.168.165.138 port 50658 ssh2
2026-04-22T12:48:07.912099-04:00 speedbuydatabase-VMware-Virtual-Platform sshd[18706]: Failed password for invalid user speedbuy-database from 192.168.165.138 port 50658 ssh2
2026-04-22T12:49:37.768537-04:00 speedbuydatabase-VMware-Virtual-Platform sshd[18706]: Failed password for invalid user speedbuy-database from 192.168.165.138 port 50658 ssh2
2026-04-22T13:10:44.810708-04:00 speedbuydatabase-VMware-Virtual-Platform sudo: speedbuydatabase : TTY=pts/0 ; PWD=/home/speedbuydatabase ; USER=root ; COMMAND=/usr/bin/grep 'Failed password' /var/log/auth.log
2026-04-22T13:15:42.130408-04:00 speedbuydatabase-VMware-Virtual-Platform sudo: speedbuydatabase : TTY=pts/0 ; PWD=/home/speedbuydatabase ; USER=root ; COMMAND=/usr/bin/grep 'Failed password' /var/log/auth.log
